Copyright 1986-2019 Xilinx, Inc. All Rights Reserved.
-------------------------------------------------------------------------------------------------------------------------------------------
| Tool Version : Vivado v.2019.1 (lin64) Build 2552052 Fri May 24 14:47:09 MDT 2019
| Date         : Mon Apr 26 12:51:08 2021
| Host         : amnesix running 64-bit CentOS Linux release 7.9.2009 (Core)
| Command      : report_utilization -file design_1_mig_7series_0_0_utilization_synth.rpt -pb design_1_mig_7series_0_0_utilization_synth.pb
| Design       : design_1_mig_7series_0_0
| Device       : 7vx690tffg1761-2
| Design State : Synthesized
-------------------------------------------------------------------------------------------------------------------------------------------

Utilization Design Information

Table of Contents
-----------------
1. Slice Logic
1.1 Summary of Registers by Type
2. Memory
3. DSP
4. IO and GT Specific
5. Clocking
6. Specific Feature
7. Primitives
8. Black Boxes
9. Instantiated Netlists

1. Slice Logic
--------------

+----------------------------+-------+-------+-----------+-------+
|          Site Type         |  Used | Fixed | Available | Util% |
+----------------------------+-------+-------+-----------+-------+
| Slice LUTs*                | 25690 |     0 |    433200 |  5.93 |
|   LUT as Logic             | 21224 |     0 |    433200 |  4.90 |
|   LUT as Memory            |  4466 |     0 |    174200 |  2.56 |
|     LUT as Distributed RAM |  3392 |     0 |           |       |
|     LUT as Shift Register  |  1074 |     0 |           |       |
| Slice Registers            | 18161 |     0 |    866400 |  2.10 |
|   Register as Flip Flop    | 18161 |     0 |    866400 |  2.10 |
|   Register as Latch        |     0 |     0 |    866400 |  0.00 |
| F7 Muxes                   |   454 |     0 |    216600 |  0.21 |
| F8 Muxes                   |     0 |     0 |    108300 |  0.00 |
+----------------------------+-------+-------+-----------+-------+
* Warning! The Final LUT count, after physical optimizations and full implementation, is typically lower. Run opt_design after synthesis, if not already completed, for a more realistic count.


1.1 Summary of Registers by Type
--------------------------------

+-------+--------------+-------------+--------------+
| Total | Clock Enable | Synchronous | Asynchronous |
+-------+--------------+-------------+--------------+
| 0     |            _ |           - |            - |
| 0     |            _ |           - |          Set |
| 0     |            _ |           - |        Reset |
| 0     |            _ |         Set |            - |
| 0     |            _ |       Reset |            - |
| 0     |          Yes |           - |            - |
| 170   |          Yes |           - |          Set |
| 8     |          Yes |           - |        Reset |
| 670   |          Yes |         Set |            - |
| 17313 |          Yes |       Reset |            - |
+-------+--------------+-------------+--------------+


2. Memory
---------

+-------------------+------+-------+-----------+-------+
|     Site Type     | Used | Fixed | Available | Util% |
+-------------------+------+-------+-----------+-------+
| Block RAM Tile    |    2 |     0 |      1470 |  0.14 |
|   RAMB36/FIFO*    |    2 |     0 |      1470 |  0.14 |
|     RAMB36E1 only |    2 |       |           |       |
|   RAMB18          |    0 |     0 |      2940 |  0.00 |
+-------------------+------+-------+-----------+-------+
* Note: Each Block RAM Tile only has one FIFO logic available and therefore can accommodate only one FIFO36E1 or one FIFO18E1. However, if a FIFO18E1 occupies a Block RAM Tile, that tile can still accommodate a RAMB18E1


3. DSP
------

+-----------+------+-------+-----------+-------+
| Site Type | Used | Fixed | Available | Util% |
+-----------+------+-------+-----------+-------+
| DSPs      |    0 |     0 |      3600 |  0.00 |
+-----------+------+-------+-----------+-------+


4. IO and GT Specific
---------------------

+-----------------------------+------+-------+-----------+-------+
|          Site Type          | Used | Fixed | Available | Util% |
+-----------------------------+------+-------+-----------+-------+
| Bonded IOB                  |  236 |     0 |       850 | 27.76 |
| Bonded IPADs                |    0 |     0 |       110 |  0.00 |
| Bonded OPADs                |    0 |     0 |        72 |  0.00 |
| PHY_CONTROL                 |    6 |     0 |        20 | 30.00 |
| PHASER_REF                  |    6 |     0 |        20 | 30.00 |
| OUT_FIFO                    |   22 |     0 |        80 | 27.50 |
| IN_FIFO                     |   16 |     0 |        80 | 20.00 |
| IDELAYCTRL                  |    2 |     0 |        20 | 10.00 |
| IBUFDS                      |    2 |     0 |       816 |  0.25 |
| GTHE2_CHANNEL               |    0 |     0 |        36 |  0.00 |
| PHASER_OUT/PHASER_OUT_PHY   |   22 |     0 |        80 | 27.50 |
|   PHASER_OUT_PHY only       |   22 |     0 |           |       |
| PHASER_IN/PHASER_IN_PHY     |   16 |     0 |        80 | 20.00 |
|   PHASER_IN_PHY only        |   16 |     0 |           |       |
| IDELAYE2/IDELAYE2_FINEDELAY |  128 |     0 |      1000 | 12.80 |
|   IDELAYE2_FINEDELAY only   |  128 |     0 |           |       |
| ODELAYE2/ODELAYE2_FINEDELAY |    0 |     0 |      1000 |  0.00 |
| IBUFDS_GTE2                 |    0 |     0 |        18 |  0.00 |
| ILOGIC                      |  144 |     0 |       850 | 16.94 |
|   ISERDES                   |  128 |       |           |       |
|   IDDR                      |   16 |       |           |       |
| OLOGIC                      |  244 |     0 |       850 | 28.71 |
|   OSERDES                   |  210 |       |           |       |
|   ODDR                      |   34 |       |           |       |
+-----------------------------+------+-------+-----------+-------+


5. Clocking
-----------

+------------+------+-------+-----------+-------+
|  Site Type | Used | Fixed | Available | Util% |
+------------+------+-------+-----------+-------+
| BUFGCTRL   |   13 |     0 |        32 | 40.63 |
| BUFIO      |    0 |     0 |        80 |  0.00 |
| MMCME2_ADV |    3 |     0 |        20 | 15.00 |
| PLLE2_ADV  |    2 |     0 |        20 | 10.00 |
| BUFMRCE    |    0 |     0 |        40 |  0.00 |
| BUFHCE     |    2 |     0 |       240 |  0.83 |
| BUFR       |    0 |     0 |        80 |  0.00 |
+------------+------+-------+-----------+-------+


6. Specific Feature
-------------------

+-------------+------+-------+-----------+--------+
|  Site Type  | Used | Fixed | Available |  Util% |
+-------------+------+-------+-----------+--------+
| BSCANE2     |    0 |     0 |         4 |   0.00 |
| CAPTUREE2   |    0 |     0 |         1 |   0.00 |
| DNA_PORT    |    0 |     0 |         1 |   0.00 |
| EFUSE_USR   |    0 |     0 |         1 |   0.00 |
| FRAME_ECCE2 |    0 |     0 |         1 |   0.00 |
| ICAPE2      |    0 |     0 |         2 |   0.00 |
| PCIE_3_0    |    0 |     0 |         3 |   0.00 |
| STARTUPE2   |    0 |     0 |         1 |   0.00 |
| XADC        |    1 |     0 |         1 | 100.00 |
+-------------+------+-------+-----------+--------+


7. Primitives
-------------

+------------------------+-------+---------------------+
|        Ref Name        |  Used | Functional Category |
+------------------------+-------+---------------------+
| FDRE                   | 17313 |        Flop & Latch |
| LUT3                   |  7055 |                 LUT |
| LUT6                   |  6675 |                 LUT |
| LUT5                   |  5837 |                 LUT |
| RAMD32                 |  5088 |  Distributed Memory |
| LUT4                   |  3164 |                 LUT |
| LUT2                   |  2211 |                 LUT |
| RAMS32                 |  1696 |  Distributed Memory |
| LUT1                   |  1090 |                 LUT |
| SRLC32E                |  1030 |  Distributed Memory |
| FDSE                   |   670 |        Flop & Latch |
| CARRY4                 |   592 |          CarryLogic |
| MUXF7                  |   454 |               MuxFx |
| OSERDESE2              |   210 |                  IO |
| FDPE                   |   170 |        Flop & Latch |
| OBUFT_DCIEN            |   128 |                  IO |
| ISERDESE2              |   128 |                  IO |
| IDELAYE2_FINEDELAY     |   128 |                  IO |
| IBUF_IBUFDISABLE       |   128 |                  IO |
| OBUF                   |    52 |                  IO |
| SRL16E                 |    44 |  Distributed Memory |
| ODDR                   |    34 |                  IO |
| OBUFTDS_DCIEN          |    32 |                  IO |
| IBUFDS_IBUFDISABLE_INT |    32 |                  IO |
| PHASER_OUT_PHY         |    22 |                  IO |
| OUT_FIFO               |    22 |                  IO |
| INV                    |    18 |                 LUT |
| PHASER_IN_PHY          |    16 |                  IO |
| OBUFT                  |    16 |                  IO |
| IN_FIFO                |    16 |                  IO |
| IDDR                   |    16 |                  IO |
| BUFG                   |    13 |               Clock |
| FDCE                   |     8 |        Flop & Latch |
| PHY_CONTROL            |     6 |                  IO |
| PHASER_REF             |     6 |                  IO |
| OBUFDS                 |     4 |                  IO |
| MMCME2_ADV             |     3 |               Clock |
| RAMB36E1               |     2 |        Block Memory |
| PLLE2_ADV              |     2 |               Clock |
| IDELAYCTRL             |     2 |                  IO |
| IBUFDS                 |     2 |                  IO |
| BUFH                   |     2 |               Clock |
| XADC                   |     1 |              Others |
+------------------------+-------+---------------------+


8. Black Boxes
--------------

+----------+------+
| Ref Name | Used |
+----------+------+


9. Instantiated Netlists
------------------------

+----------+------+
| Ref Name | Used |
+----------+------+


